Removed Pin From Net: NetName=+5V Pin=P1-20
Added Component: Designator=D13(DIO_SMA)
Add component (AddParameter): Name = "JLCPCB Part"; Value = "?"; VariantName = "[No Variations]"
Add component (AddParameter): Name = "LCSC Part"; Value = "?"; VariantName = "[No Variations]"
Add component (AddParameter): Name = "Mfr. Part"; Value = "?"; VariantName = "[No Variations]"
Added Component: Designator=D14(LED_GREEN_V0805)
Add component (AddParameter): Name = "JLCPCB Part"; Value = "?"; VariantName = "[No Variations]"
Add component (AddParameter): Name = "LCSC Part"; Value = "?"; VariantName = "[No Variations]"
Add component (AddParameter): Name = "Mrf. Part"; Value = "?"; VariantName = "[No Variations]"
Added Component: Designator=K4(RLY)
Added Component: Designator=P9(CON_03_508_STBRC)
Add component (AddParameter): Name = "JLCPCB Part"; Value = "?"; VariantName = "[No Variations]"
Add component (AddParameter): Name = "LCSC Part"; Value = "?"; VariantName = "[No Variations]"
Add component (AddParameter): Name = "Mfr. Part"; Value = "?"; VariantName = "[No Variations]"
Added Component: Designator=Q4(BJT_ BC846x)
Add component (AddParameter): Name = "JLCPCB Part"; Value = "?"; VariantName = "[No Variations]"
Add component (AddParameter): Name = "LCSC Part"; Value = "?"; VariantName = "[No Variations]"
Add component (AddParameter): Name = "Mrf. Part"; Value = "?"; VariantName = "[No Variations]"
Added Component: Designator=R1(RES_0805)
Add component (AddParameter): Name = "JLCPCB Part"; Value = "?"; VariantName = "[No Variations]"
Add component (AddParameter): Name = "LCSC Part"; Value = "?"; VariantName = "[No Variations]"
Add component (AddParameter): Name = "Mfr. Part"; Value = "?"; VariantName = "[No Variations]"
Add component (AddParameter): Name = "Value"; Value = "220"; VariantName = "[No Variations]"
Added Component: Designator=R2(RES_0805)
Add component (AddParameter): Name = "JLCPCB Part"; Value = "?"; VariantName = "[No Variations]"
Add component (AddParameter): Name = "LCSC Part"; Value = "?"; VariantName = "[No Variations]"
Add component (AddParameter): Name = "Mfr. Part"; Value = "?"; VariantName = "[No Variations]"
Add component (AddParameter): Name = "Value"; Value = "1M"; VariantName = "[No Variations]"
Added Component: Designator=R3(RES_0805)
Add component (AddParameter): Name = "JLCPCB Part"; Value = "?"; VariantName = "[No Variations]"
Add component (AddParameter): Name = "LCSC Part"; Value = "?"; VariantName = "[No Variations]"
Add component (AddParameter): Name = "Mfr. Part"; Value = "?"; VariantName = "[No Variations]"
Add component (AddParameter): Name = "Value"; Value = "220"; VariantName = "[No Variations]"
Added Component: Designator=R4(RES_0805)
Add component (AddParameter): Name = "JLCPCB Part"; Value = "?"; VariantName = "[No Variations]"
Add component (AddParameter): Name = "LCSC Part"; Value = "?"; VariantName = "[No Variations]"
Add component (AddParameter): Name = "Mfr. Part"; Value = "?"; VariantName = "[No Variations]"
Add component (AddParameter): Name = "Value"; Value = "220"; VariantName = "[No Variations]"
Added Component: Designator=R5(RES_0805)
Add component (AddParameter): Name = "JLCPCB Part"; Value = "?"; VariantName = "[No Variations]"
Add component (AddParameter): Name = "LCSC Part"; Value = "?"; VariantName = "[No Variations]"
Add component (AddParameter): Name = "Mfr. Part"; Value = "?"; VariantName = "[No Variations]"
Add component (AddParameter): Name = "Value"; Value = "220"; VariantName = "[No Variations]"
Added Component: Designator=R6(RES_0805)
Add component (AddParameter): Name = "JLCPCB Part"; Value = "?"; VariantName = "[No Variations]"
Add component (AddParameter): Name = "LCSC Part"; Value = "?"; VariantName = "[No Variations]"
Add component (AddParameter): Name = "Mfr. Part"; Value = "?"; VariantName = "[No Variations]"
Add component (AddParameter): Name = "Value"; Value = "1k"; VariantName = "[No Variations]"
Added Component: Designator=R7(RES_0805)
Add component (AddParameter): Name = "JLCPCB Part"; Value = "?"; VariantName = "[No Variations]"
Add component (AddParameter): Name = "LCSC Part"; Value = "?"; VariantName = "[No Variations]"
Add component (AddParameter): Name = "Mfr. Part"; Value = "?"; VariantName = "[No Variations]"
Add component (AddParameter): Name = "Value"; Value = "1k"; VariantName = "[No Variations]"
Added Component: Designator=R8(RES_0805)
Add component (AddParameter): Name = "JLCPCB Part"; Value = "?"; VariantName = "[No Variations]"
Add component (AddParameter): Name = "LCSC Part"; Value = "?"; VariantName = "[No Variations]"
Add component (AddParameter): Name = "Mfr. Part"; Value = "?"; VariantName = "[No Variations]"
Add component (AddParameter): Name = "Value"; Value = "1k"; VariantName = "[No Variations]"
Added Component: Designator=R9(RES_0805)
Add component (AddParameter): Name = "JLCPCB Part"; Value = "?"; VariantName = "[No Variations]"
Add component (AddParameter): Name = "LCSC Part"; Value = "?"; VariantName = "[No Variations]"
Add component (AddParameter): Name = "Mfr. Part"; Value = "?"; VariantName = "[No Variations]"
Add component (AddParameter): Name = "Value"; Value = "10K"; VariantName = "[No Variations]"
Added Component: Designator=R10(RES_0805)
Add component (AddParameter): Name = "JLCPCB Part"; Value = "?"; VariantName = "[No Variations]"
Add component (AddParameter): Name = "LCSC Part"; Value = "?"; VariantName = "[No Variations]"
Add component (AddParameter): Name = "Mfr. Part"; Value = "?"; VariantName = "[No Variations]"
Add component (AddParameter): Name = "Value"; Value = "10K"; VariantName = "[No Variations]"
Added Component: Designator=R11(RES_0805)
Add component (AddParameter): Name = "JLCPCB Part"; Value = "?"; VariantName = "[No Variations]"
Add component (AddParameter): Name = "LCSC Part"; Value = "?"; VariantName = "[No Variations]"
Add component (AddParameter): Name = "Mfr. Part"; Value = "?"; VariantName = "[No Variations]"
Add component (AddParameter): Name = "Value"; Value = "10K"; VariantName = "[No Variations]"
Added Component: Designator=R12(RES_0805)
Add component (AddParameter): Name = "JLCPCB Part"; Value = "?"; VariantName = "[No Variations]"
Add component (AddParameter): Name = "LCSC Part"; Value = "?"; VariantName = "[No Variations]"
Add component (AddParameter): Name = "Mfr. Part"; Value = "?"; VariantName = "[No Variations]"
Add component (AddParameter): Name = "Value"; Value = "220"; VariantName = "[No Variations]"
Added Component: Designator=R13(RES_0805)
Add component (AddParameter): Name = "JLCPCB Part"; Value = "?"; VariantName = "[No Variations]"
Add component (AddParameter): Name = "LCSC Part"; Value = "?"; VariantName = "[No Variations]"
Add component (AddParameter): Name = "Mfr. Part"; Value = "?"; VariantName = "[No Variations]"
Add component (AddParameter): Name = "Value"; Value = "1k"; VariantName = "[No Variations]"
Added Component: Designator=R14(RES_0805)
Add component (AddParameter): Name = "JLCPCB Part"; Value = "?"; VariantName = "[No Variations]"
Add component (AddParameter): Name = "LCSC Part"; Value = "?"; VariantName = "[No Variations]"
Add component (AddParameter): Name = "Mfr. Part"; Value = "?"; VariantName = "[No Variations]"
Add component (AddParameter): Name = "Value"; Value = "10K"; VariantName = "[No Variations]"
Add Pin To Net: Unknown Pin: Pin D2-A
Add Pin To Net: Unknown Pin: Pin D2-C
Added Pin To Net: NetName=+5V_A Pin=D13-C
Added Pin To Net: NetName=+5V_A Pin=K4-4
Added Pin To Net: NetName=+5V Pin=P1-19
Added Pin To Net: NetName=GND Pin=Q4-2
Added Pin To Net: NetName=+5V Pin=R1-1
Added Pin To Net: NetName=NetD3_A Pin=R1-2
Added Pin To Net: NetName=+5V_A Pin=R2-1
Added Pin To Net: NetName=GND Pin=R2-2
Added Pin To Net: NetName=NetD8_A Pin=R3-1
Added Pin To Net: NetName=+5V_A Pin=R3-2
Added Pin To Net: NetName=NetD9_A Pin=R4-1
Added Pin To Net: NetName=+5V_A Pin=R4-2
Added Pin To Net: NetName=NetD11_A Pin=R5-1
Added Pin To Net: NetName=+5V_A Pin=R5-2
Added Pin To Net: NetName=NetQ1_1 Pin=R6-1
Added Pin To Net: NetName=IO_5 Pin=R6-2
Added Pin To Net: NetName=NetQ2_1 Pin=R7-1
Added Pin To Net: NetName=IO_21 Pin=R7-2
Added Pin To Net: NetName=NetQ3_1 Pin=R8-1
Added Pin To Net: NetName=IO_17 Pin=R8-2
Added Pin To Net: NetName=NetQ1_1 Pin=R9-1
Added Pin To Net: NetName=GND Pin=R9-2
Added Pin To Net: NetName=NetQ2_1 Pin=R10-1
Added Pin To Net: NetName=GND Pin=R10-2
Added Pin To Net: NetName=NetQ3_1 Pin=R11-1
Added Pin To Net: NetName=GND Pin=R11-2
Added Pin To Net: NetName=+5V_A Pin=R12-2
Added Pin To Net: NetName=GND Pin=R14-2
Added Pin To Net: NetName=IO_14 Pin=P1-12
Added Pin To Net: NetName=IO_14 Pin=R13-2
Added Net: Name=IO_14
Added Pin To Net: NetName=NetD13_A Pin=D13-A
Added Pin To Net: NetName=NetD13_A Pin=D14-C
Added Pin To Net: NetName=NetD13_A Pin=K4-1
Added Pin To Net: NetName=NetD13_A Pin=Q4-3
Added Net: Name=NetD13_A
Added Pin To Net: NetName=NetD14_A Pin=D14-A
Added Pin To Net: NetName=NetD14_A Pin=R12-1
Added Net: Name=NetD14_A
Added Pin To Net: NetName=NetK4_2 Pin=K4-2
Added Pin To Net: NetName=NetK4_2 Pin=P9-3
Added Net: Name=NetK4_2
Added Pin To Net: NetName=NetK4_3 Pin=K4-3
Added Pin To Net: NetName=NetK4_3 Pin=P9-2
Added Net: Name=NetK4_3
Added Pin To Net: NetName=NetQ4_1 Pin=Q4-1
Added Pin To Net: NetName=NetQ4_1 Pin=R13-1
Added Pin To Net: NetName=NetQ4_1 Pin=R14-1
Added Net: Name=NetQ4_1
Add Class Member: Failed to add class member : Component D2 ?
Added Member To Class: ClassName=Sheet1 Member=Component D13 SS34
Added Member To Class: ClassName=Sheet1 Member=Component D14 GREEN LED
Added Member To Class: ClassName=Sheet1 Member=Component K4 SRD-03VDC-SL-C
Added Member To Class: ClassName=Sheet1 Member=Component P9 Terminal Block
Added Member To Class: ClassName=Sheet1 Member=Component Q4 BC846x
Added Member To Class: ClassName=Sheet1 Member=Component R1 220
Added Member To Class: ClassName=Sheet1 Member=Component R2 1M
Added Member To Class: ClassName=Sheet1 Member=Component R3 220
Added Member To Class: ClassName=Sheet1 Member=Component R4 220
Added Member To Class: ClassName=Sheet1 Member=Component R5 220
Added Member To Class: ClassName=Sheet1 Member=Component R6 1k
Added Member To Class: ClassName=Sheet1 Member=Component R7 1k
Added Member To Class: ClassName=Sheet1 Member=Component R8 1k
Added Member To Class: ClassName=Sheet1 Member=Component R9 10K
Added Member To Class: ClassName=Sheet1 Member=Component R10 10K
Added Member To Class: ClassName=Sheet1 Member=Component R11 10K
Added Member To Class: ClassName=Sheet1 Member=Component R12 220
Added Member To Class: ClassName=Sheet1 Member=Component R13 1k
Added Member To Class: ClassName=Sheet1 Member=Component R14 10K
