Added Component: Designator=C?(CAP_0805)
Add component (AddParameter): Name = "JLCPCB Part"; Value = "?"; VariantName = "[No Variations]"
Add component (AddParameter): Name = "LCSC Part"; Value = "?"; VariantName = "[No Variations]"
Add component (AddParameter): Name = "Mfr. Part"; Value = "?"; VariantName = "[No Variations]"
Add component (AddParameter): Name = "Value"; Value = "100nF"; VariantName = "[No Variations]"
Add component (AddParameter): Name = "Voltage"; Value = "?"; VariantName = "[No Variations]"
Added Component: Designator=D?(LED_RED_V0805)
Add component (AddParameter): Name = "JLCPCB Part"; Value = "?"; VariantName = "[No Variations]"
Add component (AddParameter): Name = "LCSC Part"; Value = "?"; VariantName = "[No Variations]"
Add component (AddParameter): Name = "Mrf. Part"; Value = "?"; VariantName = "[No Variations]"
Added Component: Designator=R?(RES_0805)
Add component (AddParameter): Name = "JLCPCB Part"; Value = "?"; VariantName = "[No Variations]"
Add component (AddParameter): Name = "LCSC Part"; Value = "?"; VariantName = "[No Variations]"
Add component (AddParameter): Name = "Mfr. Part"; Value = "?"; VariantName = "[No Variations]"
Add component (AddParameter): Name = "Value"; Value = "220"; VariantName = "[No Variations]"
Added Pin To Net: NetName=GND Pin=C?-1
Added Pin To Net: NetName=+5V Pin=C?-2
Added Pin To Net: NetName=GND Pin=D?-C
Added Pin To Net: NetName=+5V_A Pin=R?-1
Added Pin To Net: NetName=NetD?_A Pin=D?-A
Added Pin To Net: NetName=NetD?_A Pin=R?-2
Added Net: Name=NetD?_A
Added Member To Class: ClassName=Sheet1 Member=Component C? 100nF
Added Member To Class: ClassName=Sheet1 Member=Component D? LED RED
Added Member To Class: ClassName=Sheet1 Member=Component K4 SRD-03VDC-SL-C
Added Member To Class: ClassName=Sheet1 Member=Component R? 220
