Removed Pin From Net: NetName=NetD1_A Pin=J1-1
Removed Pin From Net: NetName=GND Pin=U?-1
Removed Pin From Net: NetName=+5V Pin=U?-2
Removed Pin From Net: NetName=NetC2_2 Pin=U?-3
Removed Pin From Net: NetName=+5V Pin=U?-4
Removed Member From Class: ClassName=Sheet1 Member=U?
Change Component Comment : Designator=C2 Old Comment=100nF New Comment=1uF
Change Component Comment : Designator=C4 Old Comment=100nF New Comment=10uF
Change component parameters: Designator = "C2" ("C2"); Footprint = "CAP_0805"; UniqueID = "\GRWTLFII" ("\GRWTLFII")
Change component parameters (AddParameter): Name = "JLCPCB Part"; Value = "?"; VariantName = "[No Variations]"
Change component parameters (AddParameter): Name = "LCSC Part"; Value = "?"; VariantName = "[No Variations]"
Change component parameters (AddParameter): Name = "Mfr. Part"; Value = "?"; VariantName = "[No Variations]"
Change component parameters (AddParameter): Name = "Value"; Value = "1uF"; VariantName = "[No Variations]"
Change component parameters (AddParameter): Name = "Voltage"; Value = "?"; VariantName = "[No Variations]"
Change component parameters: Designator = "C4" ("C4"); Footprint = "CAP_0805"; UniqueID = "\SLXOENMM" ("\SLXOENMM")
Change component parameters (AddParameter): Name = "JLCPCB Part"; Value = "?"; VariantName = "[No Variations]"
Change component parameters (AddParameter): Name = "LCSC Part"; Value = "?"; VariantName = "[No Variations]"
Change component parameters (AddParameter): Name = "Mfr. Part"; Value = "?"; VariantName = "[No Variations]"
Change component parameters (AddParameter): Name = "Value"; Value = "10uF"; VariantName = "[No Variations]"
Change component parameters (AddParameter): Name = "Voltage"; Value = "?"; VariantName = "[No Variations]"
Added Component: Designator=C1(CAP_0805)
Add component (AddParameter): Name = "JLCPCB Part"; Value = "?"; VariantName = "[No Variations]"
Add component (AddParameter): Name = "LCSC Part"; Value = "?"; VariantName = "[No Variations]"
Add component (AddParameter): Name = "Mfr. Part"; Value = "?"; VariantName = "[No Variations]"
Add component (AddParameter): Name = "Value"; Value = "10nF"; VariantName = "[No Variations]"
Add component (AddParameter): Name = "Voltage"; Value = "?"; VariantName = "[No Variations]"
Added Component: Designator=C6(CAP_0805)
Add component (AddParameter): Name = "JLCPCB Part"; Value = "?"; VariantName = "[No Variations]"
Add component (AddParameter): Name = "LCSC Part"; Value = "?"; VariantName = "[No Variations]"
Add component (AddParameter): Name = "Mfr. Part"; Value = "?"; VariantName = "[No Variations]"
Add component (AddParameter): Name = "Value"; Value = "1uF"; VariantName = "[No Variations]"
Add component (AddParameter): Name = "Voltage"; Value = "?"; VariantName = "[No Variations]"
Added Component: Designator=D2(DIO-SMA)
Add component (AddParameter): Name = "DigiKey Part"; Value = "?"; VariantName = "[No Variations]"
Add component (AddParameter): Name = "LCSC Part"; Value = "?"; VariantName = "[No Variations]"
Add component (AddParameter): Name = "Mfr. Part"; Value = "?"; VariantName = "[No Variations]"
Add component (AddParameter): Name = "Mouser Part"; Value = "?"; VariantName = "[No Variations]"
Added Component: Designator=F1(FUS_PPTC0805)
Add component (AddParameter): Name = "DigiKey Part"; Value = "?"; VariantName = "[No Variations]"
Add component (AddParameter): Name = "Hold Current"; Value = "?"; VariantName = "[No Variations]"
Add component (AddParameter): Name = "LCSC Part"; Value = "?"; VariantName = "[No Variations]"
Add component (AddParameter): Name = "Mfr. Part"; Value = "?"; VariantName = "[No Variations]"
Add component (AddParameter): Name = "Mouser Part"; Value = "?"; VariantName = "[No Variations]"
Add component (AddParameter): Name = "Trip Current"; Value = "?"; VariantName = "[No Variations]"
Added Component: Designator=L1(INDM_7366)
Add component (AddParameter): Name = "Current Rating"; Value = "?"; VariantName = "[No Variations]"
Add component (AddParameter): Name = "Digiley Part"; Value = "?"; VariantName = "[No Variations]"
Add component (AddParameter): Name = "LCSC Part"; Value = "?"; VariantName = "[No Variations]"
Add component (AddParameter): Name = "Mfr. Part"; Value = "?"; VariantName = "[No Variations]"
Add component (AddParameter): Name = "Mouser Part"; Value = "?"; VariantName = "[No Variations]"
Add component (AddParameter): Name = "Value"; Value = "?"; VariantName = "[No Variations]"
Added Component: Designator=U1(LM2675MX)
Add component (AddParameter): Name = "DigiKey Part"; Value = "?"; VariantName = "[No Variations]"
Add component (AddParameter): Name = "LCSC Part"; Value = "?"; VariantName = "[No Variations]"
Add component (AddParameter): Name = "Mfr. Part"; Value = "LM2675MX"; VariantName = "[No Variations]"
Add component (AddParameter): Name = "Mouser Part"; Value = "?"; VariantName = "[No Variations]"
Add component (AddParameter): Name = "Value"; Value = "?"; VariantName = "[No Variations]"
Added Pin To Net: NetName=GND Pin=C6-1
Added Pin To Net: NetName=+5V Pin=C6-2
Added Pin To Net: NetName=GND Pin=D2-A
Added Pin To Net: NetName=NetD1_A Pin=F1-1
Added Pin To Net: NetName=+5V Pin=L1-2
Added Pin To Net: NetName=+5V Pin=U1-4
Added Pin To Net: NetName=GND Pin=U1-6
Added Pin To Net: NetName=NetC2_2 Pin=U1-7
Added Pin To Net: NetName=NetC1_1 Pin=C1-1
Added Pin To Net: NetName=NetC1_1 Pin=U1-1
Added Net: Name=NetC1_1
Added Pin To Net: NetName=NetC1_2 Pin=C1-2
Added Pin To Net: NetName=NetC1_2 Pin=D2-C
Added Pin To Net: NetName=NetC1_2 Pin=L1-1
Added Pin To Net: NetName=NetC1_2 Pin=U1-8
Added Net: Name=NetC1_2
Added Pin To Net: NetName=NetF1_1 Pin=F1-1
Added Pin To Net: NetName=NetF1_1 Pin=J1-1
Added Net: Name=NetF1_1
Added Member To Class: ClassName=Sheet1 Member=Component C1 10nF
Added Member To Class: ClassName=Sheet1 Member=Component C6 1uF
Added Member To Class: ClassName=Sheet1 Member=Component D2 SS34
Added Member To Class: ClassName=Sheet1 Member=Component F1 ?
Added Member To Class: ClassName=Sheet1 Member=Component L1 ?
Added Member To Class: ClassName=Sheet1 Member=Component U1 ?
